<?xml version="1.0" encoding="UTF-8"?>
<!-- Generated by org.testng.reporters.JUnitXMLReporter -->
<testsuite ignored="0" hostname="MAVLT1386" failures="0" tests="1" name="ParametersTestNG" time="0.165" errors="0" timestamp="2021-12-07T00:39:49 AST">
  <testcase classname="TestNGPackage.ParametersTestNG" name="@BeforeClass setUp" time="-1.638826789703E9">
    <failure type="org.testng.TestNGException" message="
Parameter &amp;apos;Browsers&amp;apos; is required by BeforeClass on method setUp but has not been marked @Optional or defined
in C:\Users\saravanaks\eclipse-workspace\ScubaWeek2_TestNG\src\TestNGPackage\ParametersTestNG.xml">
      <![CDATA[org.testng.TestNGException: 
Parameter 'Browsers' is required by BeforeClass on method setUp but has not been marked @Optional or defined
in C:\Users\saravanaks\eclipse-workspace\ScubaWeek2_TestNG\src\TestNGPackage\ParametersTestNG.xml
at java.base/java.util.ArrayList.forEach(ArrayList.java:1511)
... Removed 22 stack frames]]>
    </failure>
  </testcase> <!-- @BeforeClass setUp -->
  <testcase classname="TestNGPackage.ParametersTestNG" name="sample" time="0.0">
    <skipped/>
  </testcase> <!-- sample -->
</testsuite> <!-- ParametersTestNG -->
